{
  "RSpec": {
    "coverage": {
      "/Users/leopoldkwok/Google Drive/makersacademy/challenges/challenge4/inject-takeaway/lib/inject.rb": [
        1,
        null,
        1,
        4,
        4,
        4,
        13,
        null,
        4,
        null,
        null,
        null,
        null,
        null,
        null,
        null,
        null,
        null,
        null,
        null,
        null,
        null,
        null,
        null,
        null,
        null,
        null,
        null,
        null,
        null,
        null,
        null
      ],
      "/Users/leopoldkwok/Google Drive/makersacademy/challenges/challenge4/inject-takeaway/lib/takeaway.rb": [
        1,
        null,
        1,
        null,
        1,
        null,
        1,
        7,
        null,
        null,
        null,
        null,
        null,
        7,
        null,
        null,
        1,
        33,
        54,
        44,
        null,
        null,
        1,
        34,
        null,
        null,
        1,
        2,
        1,
        null,
        null,
        1,
        1,
        1,
        null,
        null,
        1,
        1,
        1,
        null,
        null,
        1,
        null,
        0,
        0,
        null,
        null,
        0,
        0,
        null,
        null,
        null,
        null,
        null,
        null,
        null,
        null,
        null,
        null,
        null,
        null
      ]
    },
    "timestamp": 1415980617
  }
}
